<?xml version="1.0" encoding="UTF-8" ?>
<testsuite tests="4" failures="0" name="features.TestRunner" time="5.65" errors="0" skipped="0">
  <properties>
[...]
</properties>
  <testcase classname="[User] User APIs" name="[1:9] List users" time="4.499"/>
  <testcase classname="[User] User APIs" name="[2:18] List one user" time="0.26"/>
  <testcase classname="[User] User APIs" name="[3:26] List absent user" time="0.435"/>
  <testcase classname="[User] User APIs" name="[4:32] Create users" time="0.456"/>
</testsuite>